<?xml version="1.0" encoding="UTF-8"?>
<testsuite name="Cucumber" time="106.907" tests="1" skipped="0" failures="0" errors="0">
<testcase classname="Feature to test login fuctionality" name="Check the login is successful with valid Crendentials" time="103.652">
<system-out><![CDATA[
Given user is on login page.................................................passed
When User enters username as "ruby@mastek.com" and password as "Roobygeorge@1496".passed
Then clicks on login button.................................................passed
Then User should click Applauncher..........................................passed
And User should click Searchbox.............................................passed
And User should click Contacts..............................................passed
When The user can able to create a contact..................................passed
And User enters Firstname as "Rooby" and lastname as "George"...............passed
And User enters Department as "QA" and Title as "SQE".......................passed
And The contact is created successfully.....................................passed
]]></system-out>
</testcase>
</testsuite>
