<?xml version="1.0" encoding="UTF-8"?>
<testsuite xmlns:xsi="http://www.w3.org/2001/XMLSchema-instance" xsi:noNamespaceSchemaLocation="https://maven.apache.org/surefire/maven-surefire-plugin/xsd/surefire-test-report-3.0.xsd" version="3.0" name="TestSuite" time="122.315" tests="1" errors="0" skipped="0" failures="0">
  <properties>
[...]
</properties>
  <testcase name="runScenario[&quot;Check the login is successful with valid Crendentials&quot;, &quot;Feature to test login fuctionality&quot;](1)" classname="com.mst.advance.automation.testRunner.TestRunner" time="105.284">
    <system-out><![CDATA[
@smokeTest
Scenario: Check the login is successful with valid Crendentials                     # src/test/resources/FeatureFiles/SF.feature:7
browser value is: chrome
****** POM with BDD ******
Login | Salesforce
  Given user is on login page                                                       # com.mst.advance.automation.stepDefinitions.LoginStepsPOM.user_is_on_login_page()
  When User enters username as "ruby@mastek.com" and password as "Roobygeorge@1496" # com.mst.advance.automation.stepDefinitions.LoginStepsPOM.user_enters_username_and_password(java.lang.String,java.lang.String)
Login Page Current URL - https://mastek37-dev-ed.develop.lightning.force.com/lightning/setup/SetupOneHome/home
  Then clicks on login button                                                       # com.mst.advance.automation.stepDefinitions.LoginStepsPOM.clicks_on_login_button()
  Then User should click Applauncher                                                # com.mst.advance.automation.stepDefinitions.HomeSteps.user_click_the_applauncher()
  And User should click Searchbox                                                   # com.mst.advance.automation.stepDefinitions.HomeSteps.user_open_the_Searchbox()
https://mastek37-dev-ed.develop.lightning.force.com/lightning/setup/SetupOneHome/home
Home | Salesforce
  And User should click Contacts                                                    # com.mst.advance.automation.stepDefinitions.HomeSteps.user_click_the_Contact_tab()
  When The user can able to create a contact                                        # com.mst.advance.automation.stepDefinitions.ContactCreationSteps.user_create_a_contact()
  And User enters Firstname as "Rooby" and lastname as "George"                     # com.mst.advance.automation.stepDefinitions.ContactCreationSteps.user_enters_firstname_as_and_lastname_as(java.lang.String,java.lang.String)
  And User enters Department as "QA" and Title as "SQE"                             # com.mst.advance.automation.stepDefinitions.ContactCreationSteps.user_enters_Department_as_and_title_as(java.lang.String,java.lang.String)
The contact is created successfully!!
  And The contact is created successfully                                           # com.mst.advance.automation.stepDefinitions.ContactCreationSteps.user_created_a_contact()
]]></system-out>
    <system-err><![CDATA[SLF4J: No SLF4J providers were found.
SLF4J: Defaulting to no-operation (NOP) logger implementation
SLF4J: See https://www.slf4j.org/codes.html#noProviders for further details.
Mar 19, 2024 3:02:06 PM org.openqa.selenium.devtools.CdpVersionFinder findNearestMatch
WARNING: Unable to find CDP implementation matching 121
Mar 19, 2024 3:02:06 PM org.openqa.selenium.chromium.ChromiumDriver lambda$new$5
WARNING: Unable to find version of CDP to use for 121.0.6167.140. You may need to include a dependency on a specific version of the CDP using something similar to `org.seleniumhq.selenium:selenium-devtools-v86:4.12.1` where the version ("v86") matches the version of the chromium-based browser you're using and the version number of the artifact is the same as Selenium's.
]]></system-err>
  </testcase>
</testsuite>