<?xml version="1.0" encoding="UTF-8"?>
<testng-results ignored="0" total="1" passed="1" failed="0" skipped="0">
  <reporter-output>
  </reporter-output>
  <suite started-at="2023-12-11T17:01:39 GMT" name="Suite" finished-at="2023-12-11T17:02:32 GMT" duration-ms="53108">
    <groups>
    </groups>
    <test started-at="2023-12-11T17:01:39 GMT" name="Test" finished-at="2023-12-11T17:02:32 GMT" duration-ms="53108">
      <class name="mst.automation.regressiontestcases.ContactCreationTest">
        <test-method is-config="true" signature="setUp()[pri:0, instance:mst.automation.regressiontestcases.ContactCreationTest@10feca44]" started-at="2023-12-11T17:01:38 GMT" name="setUp" finished-at="2023-12-11T17:01:39 GMT" duration-ms="721" status="PASS">
          <reporter-output>
          </reporter-output>
        </test-method> <!-- setUp -->
        <test-method is-config="true" signature="openBrowser(java.lang.String)[pri:0, instance:mst.automation.regressiontestcases.ContactCreationTest@10feca44]" started-at="2023-12-11T17:01:39 GMT" name="openBrowser" finished-at="2023-12-11T17:01:51 GMT" duration-ms="11947" status="PASS">
          <params>
            <param index="0">
              <value>
                <![CDATA[chrome]]>
              </value>
            </param>
          </params>
          <reporter-output>
          </reporter-output>
        </test-method> <!-- openBrowser -->
        <test-method signature="ContactCreation()[pri:0, instance:mst.automation.regressiontestcases.ContactCreationTest@10feca44]" started-at="2023-12-11T17:01:51 GMT" name="ContactCreation" finished-at="2023-12-11T17:02:32 GMT" duration-ms="40624" status="PASS">
          <reporter-output>
          </reporter-output>
        </test-method> <!-- ContactCreation -->
        <test-method is-config="true" signature="tearDown(org.testng.ITestResult)[pri:0, instance:mst.automation.regressiontestcases.ContactCreationTest@10feca44]" started-at="2023-12-11T17:02:32 GMT" name="tearDown" finished-at="2023-12-11T17:02:32 GMT" duration-ms="508" status="PASS">
          <params>
            <param index="0">
              <value>
                <![CDATA[[TestResult name=ContactCreation status=SUCCESS method=ContactCreationTest.ContactCreation()[pri:0, instance:mst.automation.regressiontestcases.ContactCreationTest@10feca44] output={null}]]]>
              </value>
            </param>
          </params>
          <reporter-output>
          </reporter-output>
        </test-method> <!-- tearDown -->
      </class> <!-- mst.automation.regressiontestcases.ContactCreationTest -->
    </test> <!-- Test -->
  </suite> <!-- Suite -->
</testng-results>
